17:35:46 **** Incremental Build of configuration Debug for project Dsp1 ****
make -j4 all 
arm-none-eabi-gcc "../Core/Src/main.c" -mcpu=cortex-m7 -std=gnu11 -g3 -DDEBUG -DUSE_HAL_DRIVER -DSTM32F746xx -c -I../Core/Inc -I../FATFS/Target -I../FATFS/App -I../USB_HOST/App -I../USB_HOST/Target -I../Drivers/STM32F7xx_HAL_Driver/Inc -I../Drivers/STM32F7xx_HAL_Driver/Inc/Legacy -I../Middlewares/Third_Party/FreeRTOS/Source/include -I../Middlewares/Third_Party/FreeRTOS/Source/CMSIS_RTOS -I../Middlewares/Third_Party/FreeRTOS/Source/portable/GCC/ARM_CM7/r0p1 -I../Middlewares/Third_Party/FatFs/src -I../Middlewares/ST/STM32_USB_Host_Library/Core/Inc -I../Middlewares/ST/STM32_USB_Host_Library/Class/CDC/Inc -I../Drivers/CMSIS/Device/ST/STM32F7xx/Include -I../Drivers/CMSIS/Include -O0 -ffunction-sections -fdata-sections -Wall -fstack-usage -MMD -MP -MF"Core/Src/main.d" -MT"Core/Src/main.o" --specs=nano.specs -mfpu=fpv5-sp-d16 -mfloat-abi=hard -mthumb -o "Core/Src/main.o"
arm-none-eabi-gcc "../Core/Src/stm32f7xx_hal_timebase_tim.c" -mcpu=cortex-m7 -std=gnu11 -g3 -DDEBUG -DUSE_HAL_DRIVER -DSTM32F746xx -c -I../Core/Inc -I../FATFS/Target -I../FATFS/App -I../USB_HOST/App -I../USB_HOST/Target -I../Drivers/STM32F7xx_HAL_Driver/Inc -I../Drivers/STM32F7xx_HAL_Driver/Inc/Legacy -I../Middlewares/Third_Party/FreeRTOS/Source/include -I../Middlewares/Third_Party/FreeRTOS/Source/CMSIS_RTOS -I../Middlewares/Third_Party/FreeRTOS/Source/portable/GCC/ARM_CM7/r0p1 -I../Middlewares/Third_Party/FatFs/src -I../Middlewares/ST/STM32_USB_Host_Library/Core/Inc -I../Middlewares/ST/STM32_USB_Host_Library/Class/CDC/Inc -I../Drivers/CMSIS/Device/ST/STM32F7xx/Include -I../Drivers/CMSIS/Include -O0 -ffunction-sections -fdata-sections -Wall -fstack-usage -MMD -MP -MF"Core/Src/stm32f7xx_hal_timebase_tim.d" -MT"Core/Src/stm32f7xx_hal_timebase_tim.o" --specs=nano.specs -mfpu=fpv5-sp-d16 -mfloat-abi=hard -mthumb -o "Core/Src/stm32f7xx_hal_timebase_tim.o"
arm-none-eabi-gcc "../Core/Src/stm32f7xx_it.c" -mcpu=cortex-m7 -std=gnu11 -g3 -DDEBUG -DUSE_HAL_DRIVER -DSTM32F746xx -c -I../Core/Inc -I../FATFS/Target -I../FATFS/App -I../USB_HOST/App -I../USB_HOST/Target -I../Drivers/STM32F7xx_HAL_Driver/Inc -I../Drivers/STM32F7xx_HAL_Driver/Inc/Legacy -I../Middlewares/Third_Party/FreeRTOS/Source/include -I../Middlewares/Third_Party/FreeRTOS/Source/CMSIS_RTOS -I../Middlewares/Third_Party/FreeRTOS/Source/portable/GCC/ARM_CM7/r0p1 -I../Middlewares/Third_Party/FatFs/src -I../Middlewares/ST/STM32_USB_Host_Library/Core/Inc -I../Middlewares/ST/STM32_USB_Host_Library/Class/CDC/Inc -I../Drivers/CMSIS/Device/ST/STM32F7xx/Include -I../Drivers/CMSIS/Include -O0 -ffunction-sections -fdata-sections -Wall -fstack-usage -MMD -MP -MF"Core/Src/stm32f7xx_it.d" -MT"Core/Src/stm32f7xx_it.o" --specs=nano.specs -mfpu=fpv5-sp-d16 -mfloat-abi=hard -mthumb -o "Core/Src/stm32f7xx_it.o"
arm-none-eabi-gcc "../Core/Src/syscalls.c" -mcpu=cortex-m7 -std=gnu11 -g3 -DDEBUG -DUSE_HAL_DRIVER -DSTM32F746xx -c -I../Core/Inc -I../FATFS/Target -I../FATFS/App -I../USB_HOST/App -I../USB_HOST/Target -I../Drivers/STM32F7xx_HAL_Driver/Inc -I../Drivers/STM32F7xx_HAL_Driver/Inc/Legacy -I../Middlewares/Third_Party/FreeRTOS/Source/include -I../Middlewares/Third_Party/FreeRTOS/Source/CMSIS_RTOS -I../Middlewares/Third_Party/FreeRTOS/Source/portable/GCC/ARM_CM7/r0p1 -I../Middlewares/Third_Party/FatFs/src -I../Middlewares/ST/STM32_USB_Host_Library/Core/Inc -I../Middlewares/ST/STM32_USB_Host_Library/Class/CDC/Inc -I../Drivers/CMSIS/Device/ST/STM32F7xx/Include -I../Drivers/CMSIS/Include -O0 -ffunction-sections -fdata-sections -Wall -fstack-usage -MMD -MP -MF"Core/Src/syscalls.d" -MT"Core/Src/syscalls.o" --specs=nano.specs -mfpu=fpv5-sp-d16 -mfloat-abi=hard -mthumb -o "Core/Src/syscalls.o"
../Core/Src/main.c:64:13: error: static declaration of 'Error_Handler' follows non-static declaration
   64 | static void Error_Handler(void);
      |             ^~~~~~~~~~~~~
In file included from ../Core/Src/main.c:39:
../Core/Inc/main.h:56:6: note: previous declaration of 'Error_Handler' was here
   56 | void Error_Handler(void);
      |      ^~~~~~~~~~~~~
../Core/Src/main.c:81:1: error: unknown type name 'q15_t'
   81 | q15_t firCoeff[128] = {
      | ^~~~~
../Core/Src/main.c:85:1: error: unknown type name 'OSC_TypeDef'; did you mean 'RTC_TypeDef'?
   85 | OSC_TypeDef oscConfig;
      | ^~~~~~~~~~~
      | RTC_TypeDef
../Core/Src/main.c:90:28: error: 'NUM_SAMPLES' undeclared here (not in a function); did you mean 'COR_SAMPLES'?
   90 | volatile uint32_t length = NUM_SAMPLES;
      |                            ^~~~~~~~~~~
      |                            COR_SAMPLES
../Core/Src/main.c:95:1: error: unknown type name 'q15_t'
   95 | q15_t pcmBuff[NUM_SAMPLES*4];  // 2 channels, 2 buffers (double buffering)
      | ^~~~~
../Core/Src/main.c:96:1: error: unknown type name 'q15_t'
   96 | q15_t pcmBuffOut[NUM_SAMPLES*4];  // 2 channels, 2 buffers (double buffering)
      | ^~~~~
../Core/Src/main.c:97:1: error: unknown type name 'q15_t'
   97 | q15_t left[NUM_SAMPLES];
      | ^~~~~
../Core/Src/main.c:98:1: error: unknown type name 'q15_t'
   98 | q15_t leftComplex[2*NUM_SAMPLES];
      | ^~~~~
../Core/Src/main.c:99:1: error: unknown type name 'q15_t'
   99 | q15_t leftFFT[2*NUM_SAMPLES];
      | ^~~~~
../Core/Src/main.c:101:1: error: unknown type name 'q15_t'
  101 | q15_t leftFFTAbs[NUM_SAMPLES];
      | ^~~~~
../Core/Src/main.c:102:1: error: unknown type name 'q15_t'
  102 | q15_t right[NUM_SAMPLES];
      | ^~~~~
../Core/Src/main.c:103:1: error: unknown type name 'q15_t'
  103 | q15_t corr[NUM_SAMPLES*2];
      | ^~~~~
../Core/Src/main.c:104:1: error: unknown type name 'q15_t'
  104 | q15_t pFIRStateLeft[NUM_TAPS + NUM_SAMPLES];
      | ^~~~~
../Core/Src/main.c:105:1: error: unknown type name 'q15_t'
  105 | q15_t pFIRStateRight[NUM_TAPS + NUM_SAMPLES];
      | ^~~~~
../Core/Src/main.c:108:1: error: unknown type name 'arm_rfft_instance_q15'
  108 | arm_rfft_instance_q15 Sfft;
      | ^~~~~~~~~~~~~~~~~~~~~
../Core/Src/main.c:112:10: error: unknown type name 'q15_t'
  112 | volatile q15_t maxCorr;
      |          ^~~~~
../Core/Src/main.c:114:1: error: unknown type name 'arm_fir_instance_q15'
  114 | arm_fir_instance_q15 SFIRleft, SFIRright;
      | ^~~~~~~~~~~~~~~~~~~~
arm-none-eabi-gcc "../Core/Src/sysmem.c" -mcpu=cortex-m7 -std=gnu11 -g3 -DDEBUG -DUSE_HAL_DRIVER -DSTM32F746xx -c -I../Core/Inc -I../FATFS/Target -I../FATFS/App -I../USB_HOST/App -I../USB_HOST/Target -I../Drivers/STM32F7xx_HAL_Driver/Inc -I../Drivers/STM32F7xx_HAL_Driver/Inc/Legacy -I../Middlewares/Third_Party/FreeRTOS/Source/include -I../Middlewares/Third_Party/FreeRTOS/Source/CMSIS_RTOS -I../Middlewares/Third_Party/FreeRTOS/Source/portable/GCC/ARM_CM7/r0p1 -I../Middlewares/Third_Party/FatFs/src -I../Middlewares/ST/STM32_USB_Host_Library/Core/Inc -I../Middlewares/ST/STM32_USB_Host_Library/Class/CDC/Inc -I../Drivers/CMSIS/Device/ST/STM32F7xx/Include -I../Drivers/CMSIS/Include -O0 -ffunction-sections -fdata-sections -Wall -fstack-usage -MMD -MP -MF"Core/Src/sysmem.d" -MT"Core/Src/sysmem.o" --specs=nano.specs -mfpu=fpv5-sp-d16 -mfloat-abi=hard -mthumb -o "Core/Src/sysmem.o"
../Core/Src/main.c:115:1: error: unknown type name 'arm_biquad_casd_df1_inst_f32'
  115 | arm_biquad_casd_df1_inst_f32 SIIRleft, SIIRright;
      | ^~~~~~~~~~~~~~~~~~~~~~~~~~~~
../Core/Src/main.c:117:1: error: unknown type name 'TEXT_Handle'
  117 | TEXT_Handle hText, hText2, hText3;
      | ^~~~~~~~~~~
../Core/Src/main.c: In function 'main':
../Core/Src/main.c:137:3: warning: implicit declaration of function 'ScopeLCD_Init' [-Wimplicit-function-declaration]
  137 |   ScopeLCD_Init();
      |   ^~~~~~~~~~~~~
../Core/Src/main.c:138:11: warning: implicit declaration of function 'TEXT_Create' [-Wimplicit-function-declaration]
  138 |   hText = TEXT_Create(LCD_GetXSize() - 170, 10, 160, 30,  GUI_ID_TEXT0, WM_CF_SHOW, resultText, 0);
      |           ^~~~~~~~~~~
../Core/Src/main.c:138:23: warning: implicit declaration of function 'LCD_GetXSize' [-Wimplicit-function-declaration]
  138 |   hText = TEXT_Create(LCD_GetXSize() - 170, 10, 160, 30,  GUI_ID_TEXT0, WM_CF_SHOW, resultText, 0);
      |                       ^~~~~~~~~~~~
../Core/Src/main.c:138:59: error: 'GUI_ID_TEXT0' undeclared (first use in this function)
  138 |   hText = TEXT_Create(LCD_GetXSize() - 170, 10, 160, 30,  GUI_ID_TEXT0, WM_CF_SHOW, resultText, 0);
      |                                                           ^~~~~~~~~~~~
../Core/Src/main.c:138:59: note: each undeclared identifier is reported only once for each function it appears in
../Core/Src/main.c:138:73: error: 'WM_CF_SHOW' undeclared (first use in this function)
  138 |   hText = TEXT_Create(LCD_GetXSize() - 170, 10, 160, 30,  GUI_ID_TEXT0, WM_CF_SHOW, resultText, 0);
      |                                                                         ^~~~~~~~~~
../Core/Src/main.c:139:60: error: 'GUI_ID_TEXT1' undeclared (first use in this function)
  139 |   hText2 = TEXT_Create(LCD_GetXSize() - 170, 30, 160, 30,  GUI_ID_TEXT1, WM_CF_SHOW, textCycles, 0);
      |                                                            ^~~~~~~~~~~~
../Core/Src/main.c:140:60: error: 'GUI_ID_TEXT2' undeclared (first use in this function)
  140 |   hText3 = TEXT_Create(LCD_GetXSize() - 170, 50, 160, 30,  GUI_ID_TEXT2, WM_CF_SHOW, textLoad, 0);
      |                                                            ^~~~~~~~~~~~
../Core/Src/main.c:141:3: warning: implicit declaration of function 'color_wave_initialize' [-Wimplicit-function-declaration]
  141 |   color_wave_initialize();
      |   ^~~~~~~~~~~~~~~~~~~~~
../Core/Src/main.c:143:12: error: request for member 'numberOfSamples' in something not a structure or union
  143 |   oscConfig.numberOfSamples = NUM_SAMPLES;
      |            ^
../Core/Src/main.c:145:3: warning: implicit declaration of function 'AUDIO_IO_Init' [-Wimplicit-function-declaration]
  145 |   AUDIO_IO_Init();
      |   ^~~~~~~~~~~~~
../Core/Src/main.c:146:3: warning: implicit declaration of function 'BSP_AUDIO_IN_OUT_Init' [-Wimplicit-function-declaration]
  146 |   BSP_AUDIO_IN_OUT_Init(INPUT_DEVICE_DIGITAL_MICROPHONE_2, OUTPUT_DEVICE_HEADPHONE, 90, DEFAULT_AUDIO_IN_FREQ);
      |   ^~~~~~~~~~~~~~~~~~~~~
../Core/Src/main.c:146:25: error: 'INPUT_DEVICE_DIGITAL_MICROPHONE_2' undeclared (first use in this function)
  146 |   BSP_AUDIO_IN_OUT_Init(INPUT_DEVICE_DIGITAL_MICROPHONE_2, OUTPUT_DEVICE_HEADPHONE, 90, DEFAULT_AUDIO_IN_FREQ);
      |                         ^~~~~~~~~~~~~~~~~~~~~~~~~~~~~~~~~
../Core/Src/main.c:146:60: error: 'OUTPUT_DEVICE_HEADPHONE' undeclared (first use in this function)
  146 |   BSP_AUDIO_IN_OUT_Init(INPUT_DEVICE_DIGITAL_MICROPHONE_2, OUTPUT_DEVICE_HEADPHONE, 90, DEFAULT_AUDIO_IN_FREQ);
      |                                                            ^~~~~~~~~~~~~~~~~~~~~~~
arm-none-eabi-gcc "../Core/Src/system_stm32f7xx.c" -mcpu=cortex-m7 -std=gnu11 -g3 -DDEBUG -DUSE_HAL_DRIVER -DSTM32F746xx -c -I../Core/Inc -I../FATFS/Target -I../FATFS/App -I../USB_HOST/App -I../USB_HOST/Target -I../Drivers/STM32F7xx_HAL_Driver/Inc -I../Drivers/STM32F7xx_HAL_Driver/Inc/Legacy -I../Middlewares/Third_Party/FreeRTOS/Source/include -I../Middlewares/Third_Party/FreeRTOS/Source/CMSIS_RTOS -I../Middlewares/Third_Party/FreeRTOS/Source/portable/GCC/ARM_CM7/r0p1 -I../Middlewares/Third_Party/FatFs/src -I../Middlewares/ST/STM32_USB_Host_Library/Core/Inc -I../Middlewares/ST/STM32_USB_Host_Library/Class/CDC/Inc -I../Drivers/CMSIS/Device/ST/STM32F7xx/Include -I../Drivers/CMSIS/Include -O0 -ffunction-sections -fdata-sections -Wall -fstack-usage -MMD -MP -MF"Core/Src/system_stm32f7xx.d" -MT"Core/Src/system_stm32f7xx.o" --specs=nano.specs -mfpu=fpv5-sp-d16 -mfloat-abi=hard -mthumb -o "Core/Src/system_stm32f7xx.o"
../Core/Src/main.c:146:89: error: 'DEFAULT_AUDIO_IN_FREQ' undeclared (first use in this function)
  146 |   BSP_AUDIO_IN_OUT_Init(INPUT_DEVICE_DIGITAL_MICROPHONE_2, OUTPUT_DEVICE_HEADPHONE, 90, DEFAULT_AUDIO_IN_FREQ);
      |                                                                                         ^~~~~~~~~~~~~~~~~~~~~
../Core/Src/main.c:147:3: warning: implicit declaration of function 'BSP_AUDIO_IN_Record' [-Wimplicit-function-declaration]
  147 |   BSP_AUDIO_IN_Record((uint16_t*)pcmBuff, 4*NUM_SAMPLES);
      |   ^~~~~~~~~~~~~~~~~~~
../Core/Src/main.c:150:3: warning: implicit declaration of function 'BSP_AUDIO_OUT_SetAudioFrameSlot' [-Wimplicit-function-declaration]
  150 |   BSP_AUDIO_OUT_SetAudioFrameSlot(CODEC_AUDIOFRAME_SLOT_02);
      |   ^~~~~~~~~~~~~~~~~~~~~~~~~~~~~~~
../Core/Src/main.c:150:35: error: 'CODEC_AUDIOFRAME_SLOT_02' undeclared (first use in this function)
  150 |   BSP_AUDIO_OUT_SetAudioFrameSlot(CODEC_AUDIOFRAME_SLOT_02);
      |                                   ^~~~~~~~~~~~~~~~~~~~~~~~
../Core/Src/main.c:151:3: warning: implicit declaration of function 'BSP_AUDIO_OUT_Play' [-Wimplicit-function-declaration]
  151 |   BSP_AUDIO_OUT_Play((uint16_t*)pcmBuffOut, 8*NUM_SAMPLES);
      |   ^~~~~~~~~~~~~~~~~~
../Core/Src/main.c:154:2: warning: implicit declaration of function 'arm_fir_init_q15' [-Wimplicit-function-declaration]
  154 |  arm_fir_init_q15 (&SFIRleft, NUM_TAPS, firCoeff, pFIRStateLeft, NUM_SAMPLES);
      |  ^~~~~~~~~~~~~~~~
../Core/Src/main.c:156:3: warning: implicit declaration of function 'arm_biquad_cascade_df1_init_f32' [-Wimplicit-function-declaration]
  156 |   arm_biquad_cascade_df1_init_f32(&SIIRleft, 2, iirCoeff, pIIRStateLeft);
      |   ^~~~~~~~~~~~~~~~~~~~~~~~~~~~~~~
../Core/Src/main.c:159:3: warning: implicit declaration of function 'arm_rfft_init_q15' [-Wimplicit-function-declaration]
  159 |   arm_rfft_init_q15(&Sfft, NUM_SAMPLES, 0, 1);
      |   ^~~~~~~~~~~~~~~~~
../Core/Src/main.c:165:7: error: 'DEBUG_PIN_HIGH' undeclared (first use in this function)
  165 |       DEBUG_PIN_HIGH;
      |       ^~~~~~~~~~~~~~
../Core/Src/main.c:183:7: error: 'TIM_MEASURE_START' undeclared (first use in this function)
  183 |       TIM_MEASURE_START;
      |       ^~~~~~~~~~~~~~~~~
../Core/Src/main.c:199:9: warning: implicit declaration of function 'arm_fir_fast_q15' [-Wimplicit-function-declaration]
  199 |         arm_fir_fast_q15(&SFIRleft, left, left, NUM_SAMPLES);
      |         ^~~~~~~~~~~~~~~~
../Core/Src/main.c:205:9: warning: implicit declaration of function 'arm_q15_to_float' [-Wimplicit-function-declaration]
  205 |         arm_q15_to_float (left, auxFloat, NUM_SAMPLES); // doing IIR is very sensitive to rouding, better to be done in float
      |         ^~~~~~~~~~~~~~~~
../Core/Src/main.c:206:9: warning: implicit declaration of function 'arm_biquad_cascade_df1_f32' [-Wimplicit-function-declaration]
  206 |         arm_biquad_cascade_df1_f32 (&SIIRleft, auxFloat, auxFloat, NUM_SAMPLES);  // filter in float
      |         ^~~~~~~~~~~~~~~~~~~~~~~~~~
../Core/Src/main.c:207:9: warning: implicit declaration of function 'arm_float_to_q15' [-Wimplicit-function-declaration]
  207 |         arm_float_to_q15 (auxFloat, left, NUM_SAMPLES); // and convert back to q15
      |         ^~~~~~~~~~~~~~~~
../Core/Src/main.c:215:9: warning: implicit declaration of function 'arm_correlate_fast_q15' [-Wimplicit-function-declaration]
  215 |         arm_correlate_fast_q15(left, COR_SAMPLES, right, COR_SAMPLES, corr);
      |         ^~~~~~~~~~~~~~~~~~~~~~
../Core/Src/main.c:220:10: warning: implicit declaration of function 'arm_rfft_q15' [-Wimplicit-function-declaration]
  220 |          arm_rfft_q15 (&Sfft, left, leftFFT);
      |          ^~~~~~~~~~~~
../Core/Src/main.c:222:10: warning: implicit declaration of function 'arm_cmplx_mag_f32' [-Wimplicit-function-declaration]
  222 |          arm_cmplx_mag_f32 (auxFloat, auxFloat, NUM_SAMPLES);
      |          ^~~~~~~~~~~~~~~~~
../Core/Src/main.c:225:7: error: 'TIM_MEASURE_END' undeclared (first use in this function)
  225 |       TIM_MEASURE_END;
      |       ^~~~~~~~~~~~~~~
../Core/Src/main.c:226:7: error: 'DEBUG_PIN_LOW' undeclared (first use in this function)
  226 |       DEBUG_PIN_LOW;
      |       ^~~~~~~~~~~~~
../Core/Src/main.c:228:7: error: 'YOU_CAN_PUT_BREAKPOINT_HERE' undeclared (first use in this function)
  228 |       YOU_CAN_PUT_BREAKPOINT_HERE;
      |       ^~~~~~~~~~~~~~~~~~~~~~~~~~~
../Core/Src/main.c:253:7: warning: implicit declaration of function 'arm_rms_f32' [-Wimplicit-function-declaration]
  253 |       arm_rms_f32(auxFloat, NUM_SAMPLES, &power);
      |       ^~~~~~~~~~~
../Core/Src/main.c:272:7: warning: implicit declaration of function 'sprintf' [-Wimplicit-function-declaration]
  272 |       sprintf(resultText, "Delay is: %d", maxCorrIndexLiveWatch);
      |       ^~~~~~~
../Core/Src/main.c:272:7: warning: incompatible implicit declaration of built-in function 'sprintf'
../Core/Src/main.c:41:1: note: include '<stdio.h>' or provide a declaration of 'sprintf'
   40 | #include "math.h"
  +++ |+#include <stdio.h>
   41 | //#include "lcd_log.h"
../Core/Src/main.c:272:39: warning: format '%d' expects argument of type 'int', but argument 3 has type 'int32_t' {aka 'volatile long int'} [-Wformat=]
  272 |       sprintf(resultText, "Delay is: %d", maxCorrIndexLiveWatch);
      |                                      ~^   ~~~~~~~~~~~~~~~~~~~~~
      |                                       |   |
      |                                       int int32_t {aka volatile long int}
      |                                      %ld
../Core/Src/main.c:273:7: warning: implicit declaration of function 'TEXT_SetText' [-Wimplicit-function-declaration]
  273 |       TEXT_SetText(hText, resultText);
      |       ^~~~~~~~~~~~
../Core/Src/main.c:274:48: warning: format '%d' expects argument of type 'int', but argument 3 has type 'uint32_t' {aka 'volatile long unsigned int'} [-Wformat=]
  274 |       sprintf(textCycles, "CPU cycles in DSP: %d", time_diff);
      |                                               ~^   ~~~~~~~~~
      |                                                |   |
      |                                                int uint32_t {aka volatile long unsigned int}
      |                                               %ld
../Core/Src/main.c:281:7: warning: implicit declaration of function 'ScopeLCD_Show' [-Wimplicit-function-declaration]
  281 |       ScopeLCD_Show(right, left);
      |       ^~~~~~~~~~~~~
../Core/Src/main.c:282:7: warning: implicit declaration of function 'WaveDisplay' [-Wimplicit-function-declaration]
  282 |       WaveDisplay((maxCorrIndexLiveWatch * 1024)/ (doInter*(INTERPOLATION_FACTOR-1)+1), (int16_t)(power*32767.0f));
      |       ^~~~~~~~~~~
../Core/Src/main.c: At top level:
../Core/Src/main.c:65:13: warning: 'MPU_Config' declared 'static' but never defined [-Wunused-function]
   65 | static void MPU_Config(void);
      |             ^~~~~~~~~~
../Core/Src/main.c:66:16: warning: 'PlayerInit' declared 'static' but never defined [-Wunused-function]
   66 | static uint8_t PlayerInit(uint32_t AudioFreq);
      |                ^~~~~~~~~~
../Core/Src/main.c:67:13: warning: 'CPU_CACHE_ENABLE' used but never defined
   67 | static void CPU_CACHE_ENABLE(void);
      |             ^~~~~~~~~~~~~~~~
../Core/Src/main.c:404:13: warning: 'Error_Handler' defined but not used [-Wunused-function]
  404 | static void Error_Handler(void)
      |             ^~~~~~~~~~~~~
make: *** [Core/Src/subdir.mk:40: Core/Src/main.o] Error 1
"make -j4 all" terminated with exit code 2. Build might be incomplete.

17:35:49 Build Failed. 34 errors, 31 warnings. (took 3s.119ms)

